Database access not allowed, use the "django_db" mark, or the "db" or "transactional_db" fixtures to enable it.
Database access not allowed, use the "django_db" mark, or the "db" or "transactional_db" fixtures to enable it.
Database access not allowed, use the "django_db" mark, or the "db" or "transactional_db" fixtures to enable it.
Database access not allowed, use the "django_db" mark, or the "db" or "transactional_db" fixtures to enable it.
Database access not allowed, use the "django_db" mark, or the "db" or "transactional_db" fixtures to enable it.
Database access not allowed, use the "django_db" mark, or the "db" or "transactional_db" fixtures to enable it.
No Letting matches the given query.
No Profile matches the given query.
No Letting matches the given query.
No Profile matches the given query.
No Letting matches the given query.
Not Found: /lettings/999/
No Profile matches the given query.
Not Found: /profiles/nonexistent/
No Letting matches the given query.
Not Found: /lettings/999/
No Profile matches the given query.
Not Found: /profiles/nonexistent/
No Letting matches the given query.
Not Found: /lettings/999/
No Profile matches the given query.
Not Found: /profiles/nonexistent/
No Letting matches the given query.
Not Found: /lettings/999/
No Profile matches the given query.
Not Found: /profiles/nonexistent/
No Letting matches the given query.
Not Found: /lettings/999/
No Profile matches the given query.
Not Found: /profiles/nonexistent/
No Letting matches the given query.
Not Found: /lettings/999/
No Profile matches the given query.
Not Found: /profiles/nonexistent/
No Letting matches the given query.
Not Found: /lettings/999/
No Profile matches the given query.
Not Found: /profiles/nonexistent/
No Letting matches the given query.
Not Found: /lettings/999/
No Profile matches the given query.
Not Found: /profiles/nonexistent/
Watching for file changes with StatReloader
Watching for file changes with StatReloader
D:\Users\Abdelwahid Hz\Desktop\Projet_13_DA_Python\da_python_p13_v2\oc_lettings_site\lettings\models.py changed, reloading.
Watching for file changes with StatReloader
D:\Users\Abdelwahid Hz\Desktop\Projet_13_DA_Python\da_python_p13_v2\oc_lettings_site\lettings\models.py changed, reloading.
Watching for file changes with StatReloader
D:\Users\Abdelwahid Hz\Desktop\Projet_13_DA_Python\da_python_p13_v2\oc_lettings_site\lettings\models.py changed, reloading.
Watching for file changes with StatReloader
D:\Users\Abdelwahid Hz\Desktop\Projet_13_DA_Python\da_python_p13_v2\oc_lettings_site\lettings\models.py changed, reloading.
Watching for file changes with StatReloader
D:\Users\Abdelwahid Hz\Desktop\Projet_13_DA_Python\da_python_p13_v2\oc_lettings_site\lettings\models.py changed, reloading.
Watching for file changes with StatReloader
D:\Users\Abdelwahid Hz\Desktop\Projet_13_DA_Python\da_python_p13_v2\oc_lettings_site\lettings\models.py changed, reloading.
Watching for file changes with StatReloader
D:\Users\Abdelwahid Hz\Desktop\Projet_13_DA_Python\da_python_p13_v2\oc_lettings_site\lettings\models.py changed, reloading.
Watching for file changes with StatReloader
D:\Users\Abdelwahid Hz\Desktop\Projet_13_DA_Python\da_python_p13_v2\oc_lettings_site\lettings\models.py changed, reloading.
Watching for file changes with StatReloader
D:\Users\Abdelwahid Hz\Desktop\Projet_13_DA_Python\da_python_p13_v2\oc_lettings_site\lettings\models.py changed, reloading.
Watching for file changes with StatReloader
D:\Users\Abdelwahid Hz\Desktop\Projet_13_DA_Python\da_python_p13_v2\oc_lettings_site\lettings\models.py changed, reloading.
Watching for file changes with StatReloader
Starting new HTTPS connection (1): o4506827891802112.ingest.sentry.io:443
https://o4506827891802112.ingest.sentry.io:443 "POST /api/4506858619535360/envelope/ HTTP/1.1" 200 0
D:\Users\Abdelwahid Hz\Desktop\Projet_13_DA_Python\da_python_p13_v2\oc_lettings_site\lettings\models.py changed, reloading.
Watching for file changes with StatReloader
D:\Users\Abdelwahid Hz\Desktop\Projet_13_DA_Python\da_python_p13_v2\oc_lettings_site\lettings\models.py changed, reloading.
Watching for file changes with StatReloader
D:\Users\Abdelwahid Hz\Desktop\Projet_13_DA_Python\da_python_p13_v2\oc_lettings_site\oc_lettings_site\urls.py changed, reloading.
Watching for file changes with StatReloader
D:\Users\Abdelwahid Hz\Desktop\Projet_13_DA_Python\da_python_p13_v2\oc_lettings_site\oc_lettings_site\views.py changed, reloading.
Watching for file changes with StatReloader
D:\Users\Abdelwahid Hz\Desktop\Projet_13_DA_Python\da_python_p13_v2\oc_lettings_site\oc_lettings_site\views.py changed, reloading.
Watching for file changes with StatReloader
D:\Users\Abdelwahid Hz\Desktop\Projet_13_DA_Python\da_python_p13_v2\oc_lettings_site\oc_lettings_site\views.py changed, reloading.
Watching for file changes with StatReloader
D:\Users\Abdelwahid Hz\Desktop\Projet_13_DA_Python\da_python_p13_v2\oc_lettings_site\oc_lettings_site\views.py changed, reloading.
Watching for file changes with StatReloader
D:\Users\Abdelwahid Hz\Desktop\Projet_13_DA_Python\da_python_p13_v2\oc_lettings_site\oc_lettings_site\views.py changed, reloading.
Watching for file changes with StatReloader
D:\Users\Abdelwahid Hz\Desktop\Projet_13_DA_Python\da_python_p13_v2\oc_lettings_site\oc_lettings_site\views.py changed, reloading.
Watching for file changes with StatReloader
D:\Users\Abdelwahid Hz\Desktop\Projet_13_DA_Python\da_python_p13_v2\oc_lettings_site\oc_lettings_site\views.py changed, reloading.
Watching for file changes with StatReloader
D:\Users\Abdelwahid Hz\Desktop\Projet_13_DA_Python\da_python_p13_v2\oc_lettings_site\oc_lettings_site\views.py changed, reloading.
Watching for file changes with StatReloader
D:\Users\Abdelwahid Hz\Desktop\Projet_13_DA_Python\da_python_p13_v2\oc_lettings_site\oc_lettings_site\views.py changed, reloading.
Watching for file changes with StatReloader
D:\Users\Abdelwahid Hz\Desktop\Projet_13_DA_Python\da_python_p13_v2\oc_lettings_site\oc_lettings_site\views.py changed, reloading.
Watching for file changes with StatReloader
D:\Users\Abdelwahid Hz\Desktop\Projet_13_DA_Python\da_python_p13_v2\oc_lettings_site\oc_lettings_site\views.py changed, reloading.
Watching for file changes with StatReloader
D:\Users\Abdelwahid Hz\Desktop\Projet_13_DA_Python\da_python_p13_v2\oc_lettings_site\oc_lettings_site\views.py changed, reloading.
Watching for file changes with StatReloader
D:\Users\Abdelwahid Hz\Desktop\Projet_13_DA_Python\da_python_p13_v2\oc_lettings_site\profiles\models.py changed, reloading.
Watching for file changes with StatReloader
D:\Users\Abdelwahid Hz\Desktop\Projet_13_DA_Python\da_python_p13_v2\oc_lettings_site\profiles\models.py changed, reloading.
Watching for file changes with StatReloader
D:\Users\Abdelwahid Hz\Desktop\Projet_13_DA_Python\da_python_p13_v2\oc_lettings_site\profiles\models.py changed, reloading.
Watching for file changes with StatReloader
D:\Users\Abdelwahid Hz\Desktop\Projet_13_DA_Python\da_python_p13_v2\oc_lettings_site\profiles\views.py changed, reloading.
Watching for file changes with StatReloader
D:\Users\Abdelwahid Hz\Desktop\Projet_13_DA_Python\da_python_p13_v2\oc_lettings_site\profiles\views.py changed, reloading.
Watching for file changes with StatReloader
D:\Users\Abdelwahid Hz\Desktop\Projet_13_DA_Python\da_python_p13_v2\oc_lettings_site\lettings\models.py changed, reloading.
Watching for file changes with StatReloader
D:\Users\Abdelwahid Hz\Desktop\Projet_13_DA_Python\da_python_p13_v2\oc_lettings_site\lettings\models.py changed, reloading.
Watching for file changes with StatReloader
D:\Users\Abdelwahid Hz\Desktop\Projet_13_DA_Python\da_python_p13_v2\oc_lettings_site\lettings\models.py changed, reloading.
Watching for file changes with StatReloader
D:\Users\Abdelwahid Hz\Desktop\Projet_13_DA_Python\da_python_p13_v2\oc_lettings_site\lettings\views.py changed, reloading.
Watching for file changes with StatReloader
D:\Users\Abdelwahid Hz\Desktop\Projet_13_DA_Python\da_python_p13_v2\oc_lettings_site\lettings\views.py changed, reloading.
Watching for file changes with StatReloader
D:\Users\Abdelwahid Hz\Desktop\Projet_13_DA_Python\da_python_p13_v2\oc_lettings_site\lettings\views.py changed, reloading.
Watching for file changes with StatReloader
D:\Users\Abdelwahid Hz\Desktop\Projet_13_DA_Python\da_python_p13_v2\oc_lettings_site\lettings\views.py changed, reloading.
Watching for file changes with StatReloader
D:\Users\Abdelwahid Hz\Desktop\Projet_13_DA_Python\da_python_p13_v2\oc_lettings_site\lettings\views.py changed, reloading.
Watching for file changes with StatReloader
D:\Users\Abdelwahid Hz\Desktop\Projet_13_DA_Python\da_python_p13_v2\oc_lettings_site\lettings\views.py changed, reloading.
Watching for file changes with StatReloader
D:\Users\Abdelwahid Hz\Desktop\Projet_13_DA_Python\da_python_p13_v2\oc_lettings_site\lettings\views.py changed, reloading.
Watching for file changes with StatReloader
D:\Users\Abdelwahid Hz\Desktop\Projet_13_DA_Python\da_python_p13_v2\oc_lettings_site\lettings\views.py changed, reloading.
Watching for file changes with StatReloader
D:\Users\Abdelwahid Hz\Desktop\Projet_13_DA_Python\da_python_p13_v2\oc_lettings_site\lettings\views.py changed, reloading.
Watching for file changes with StatReloader
D:\Users\Abdelwahid Hz\Desktop\Projet_13_DA_Python\da_python_p13_v2\oc_lettings_site\lettings\views.py changed, reloading.
Watching for file changes with StatReloader
D:\Users\Abdelwahid Hz\Desktop\Projet_13_DA_Python\da_python_p13_v2\oc_lettings_site\lettings\views.py changed, reloading.
Watching for file changes with StatReloader
D:\Users\Abdelwahid Hz\Desktop\Projet_13_DA_Python\da_python_p13_v2\oc_lettings_site\lettings\views.py changed, reloading.
Watching for file changes with StatReloader
D:\Users\Abdelwahid Hz\Desktop\Projet_13_DA_Python\da_python_p13_v2\oc_lettings_site\lettings\views.py changed, reloading.
Watching for file changes with StatReloader
D:\Users\Abdelwahid Hz\Desktop\Projet_13_DA_Python\da_python_p13_v2\oc_lettings_site\lettings\views.py changed, reloading.
Watching for file changes with StatReloader
D:\Users\Abdelwahid Hz\Desktop\Projet_13_DA_Python\da_python_p13_v2\oc_lettings_site\lettings\views.py changed, reloading.
Watching for file changes with StatReloader
D:\Users\Abdelwahid Hz\Desktop\Projet_13_DA_Python\da_python_p13_v2\oc_lettings_site\lettings\views.py changed, reloading.
Watching for file changes with StatReloader
D:\Users\Abdelwahid Hz\Desktop\Projet_13_DA_Python\da_python_p13_v2\oc_lettings_site\oc_lettings_site\settings.py changed, reloading.
Watching for file changes with StatReloader
D:\Users\Abdelwahid Hz\Desktop\Projet_13_DA_Python\da_python_p13_v2\oc_lettings_site\oc_lettings_site\settings.py changed, reloading.
Watching for file changes with StatReloader
D:\Users\Abdelwahid Hz\Desktop\Projet_13_DA_Python\da_python_p13_v2\oc_lettings_site\oc_lettings_site\settings.py changed, reloading.
Watching for file changes with StatReloader
D:\Users\Abdelwahid Hz\Desktop\Projet_13_DA_Python\da_python_p13_v2\oc_lettings_site\oc_lettings_site\settings.py changed, reloading.
Watching for file changes with StatReloader
D:\Users\Abdelwahid Hz\Desktop\Projet_13_DA_Python\da_python_p13_v2\oc_lettings_site\oc_lettings_site\settings.py changed, reloading.
Watching for file changes with StatReloader
D:\Users\Abdelwahid Hz\Desktop\Projet_13_DA_Python\da_python_p13_v2\oc_lettings_site\oc_lettings_site\settings.py changed, reloading.
Watching for file changes with StatReloader
D:\Users\Abdelwahid Hz\Desktop\Projet_13_DA_Python\da_python_p13_v2\oc_lettings_site\oc_lettings_site\settings.py changed, reloading.
Watching for file changes with StatReloader
D:\Users\Abdelwahid Hz\Desktop\Projet_13_DA_Python\da_python_p13_v2\oc_lettings_site\oc_lettings_site\settings.py changed, reloading.
Watching for file changes with StatReloader
Watching for file changes with StatReloader
Starting new HTTPS connection (1): o4506827891802112.ingest.sentry.io:443
https://o4506827891802112.ingest.sentry.io:443 "POST /api/4506858619535360/envelope/ HTTP/1.1" 200 0
https://o4506827891802112.ingest.sentry.io:443 "POST /api/4506858619535360/envelope/ HTTP/1.1" 200 0
https://o4506827891802112.ingest.sentry.io:443 "POST /api/4506858619535360/envelope/ HTTP/1.1" 200 0
https://o4506827891802112.ingest.sentry.io:443 "POST /api/4506858619535360/envelope/ HTTP/1.1" 200 0
https://o4506827891802112.ingest.sentry.io:443 "POST /api/4506858619535360/envelope/ HTTP/1.1" 200 0
https://o4506827891802112.ingest.sentry.io:443 "POST /api/4506858619535360/envelope/ HTTP/1.1" 200 0
https://o4506827891802112.ingest.sentry.io:443 "POST /api/4506858619535360/envelope/ HTTP/1.1" 200 0
https://o4506827891802112.ingest.sentry.io:443 "POST /api/4506858619535360/envelope/ HTTP/1.1" 200 0
https://o4506827891802112.ingest.sentry.io:443 "POST /api/4506858619535360/envelope/ HTTP/1.1" 200 0
https://o4506827891802112.ingest.sentry.io:443 "POST /api/4506858619535360/envelope/ HTTP/1.1" 200 0
https://o4506827891802112.ingest.sentry.io:443 "POST /api/4506858619535360/envelope/ HTTP/1.1" 200 0
https://o4506827891802112.ingest.sentry.io:443 "POST /api/4506858619535360/envelope/ HTTP/1.1" 200 0
https://o4506827891802112.ingest.sentry.io:443 "POST /api/4506858619535360/envelope/ HTTP/1.1" 200 0
https://o4506827891802112.ingest.sentry.io:443 "POST /api/4506858619535360/envelope/ HTTP/1.1" 200 0
https://o4506827891802112.ingest.sentry.io:443 "POST /api/4506858619535360/envelope/ HTTP/1.1" 200 0
https://o4506827891802112.ingest.sentry.io:443 "POST /api/4506858619535360/envelope/ HTTP/1.1" 200 0
https://o4506827891802112.ingest.sentry.io:443 "POST /api/4506858619535360/envelope/ HTTP/1.1" 200 0
https://o4506827891802112.ingest.sentry.io:443 "POST /api/4506858619535360/envelope/ HTTP/1.1" 200 0
https://o4506827891802112.ingest.sentry.io:443 "POST /api/4506858619535360/envelope/ HTTP/1.1" 200 0
https://o4506827891802112.ingest.sentry.io:443 "POST /api/4506858619535360/envelope/ HTTP/1.1" 200 0
https://o4506827891802112.ingest.sentry.io:443 "POST /api/4506858619535360/envelope/ HTTP/1.1" 200 0
https://o4506827891802112.ingest.sentry.io:443 "POST /api/4506858619535360/envelope/ HTTP/1.1" 200 0
https://o4506827891802112.ingest.sentry.io:443 "POST /api/4506858619535360/envelope/ HTTP/1.1" 200 0
Not Found: /favicon.ico
https://o4506827891802112.ingest.sentry.io:443 "POST /api/4506858619535360/envelope/ HTTP/1.1" 200 0
https://o4506827891802112.ingest.sentry.io:443 "POST /api/4506858619535360/envelope/ HTTP/1.1" 200 0
https://o4506827891802112.ingest.sentry.io:443 "POST /api/4506858619535360/envelope/ HTTP/1.1" 200 0
https://o4506827891802112.ingest.sentry.io:443 "POST /api/4506858619535360/envelope/ HTTP/1.1" 200 0
https://o4506827891802112.ingest.sentry.io:443 "POST /api/4506858619535360/envelope/ HTTP/1.1" 200 0
https://o4506827891802112.ingest.sentry.io:443 "POST /api/4506858619535360/envelope/ HTTP/1.1" 200 0
https://o4506827891802112.ingest.sentry.io:443 "POST /api/4506858619535360/envelope/ HTTP/1.1" 200 0
https://o4506827891802112.ingest.sentry.io:443 "POST /api/4506858619535360/envelope/ HTTP/1.1" 200 0
https://o4506827891802112.ingest.sentry.io:443 "POST /api/4506858619535360/envelope/ HTTP/1.1" 200 0
https://o4506827891802112.ingest.sentry.io:443 "POST /api/4506858619535360/envelope/ HTTP/1.1" 200 0
https://o4506827891802112.ingest.sentry.io:443 "POST /api/4506858619535360/envelope/ HTTP/1.1" 200 0
https://o4506827891802112.ingest.sentry.io:443 "POST /api/4506858619535360/envelope/ HTTP/1.1" 200 0
https://o4506827891802112.ingest.sentry.io:443 "POST /api/4506858619535360/envelope/ HTTP/1.1" 200 0
https://o4506827891802112.ingest.sentry.io:443 "POST /api/4506858619535360/envelope/ HTTP/1.1" 200 0
https://o4506827891802112.ingest.sentry.io:443 "POST /api/4506858619535360/envelope/ HTTP/1.1" 200 0
https://o4506827891802112.ingest.sentry.io:443 "POST /api/4506858619535360/envelope/ HTTP/1.1" 200 0
https://o4506827891802112.ingest.sentry.io:443 "POST /api/4506858619535360/envelope/ HTTP/1.1" 200 0
https://o4506827891802112.ingest.sentry.io:443 "POST /api/4506858619535360/envelope/ HTTP/1.1" 200 0
https://o4506827891802112.ingest.sentry.io:443 "POST /api/4506858619535360/envelope/ HTTP/1.1" 200 0
https://o4506827891802112.ingest.sentry.io:443 "POST /api/4506858619535360/envelope/ HTTP/1.1" 200 0
https://o4506827891802112.ingest.sentry.io:443 "POST /api/4506858619535360/envelope/ HTTP/1.1" 200 0
https://o4506827891802112.ingest.sentry.io:443 "POST /api/4506858619535360/envelope/ HTTP/1.1" 200 0
https://o4506827891802112.ingest.sentry.io:443 "POST /api/4506858619535360/envelope/ HTTP/1.1" 200 0
https://o4506827891802112.ingest.sentry.io:443 "POST /api/4506858619535360/envelope/ HTTP/1.1" 200 0
https://o4506827891802112.ingest.sentry.io:443 "POST /api/4506858619535360/envelope/ HTTP/1.1" 200 0
https://o4506827891802112.ingest.sentry.io:443 "POST /api/4506858619535360/envelope/ HTTP/1.1" 200 0
https://o4506827891802112.ingest.sentry.io:443 "POST /api/4506858619535360/envelope/ HTTP/1.1" 200 0
https://o4506827891802112.ingest.sentry.io:443 "POST /api/4506858619535360/envelope/ HTTP/1.1" 200 0
https://o4506827891802112.ingest.sentry.io:443 "POST /api/4506858619535360/envelope/ HTTP/1.1" 200 0
https://o4506827891802112.ingest.sentry.io:443 "POST /api/4506858619535360/envelope/ HTTP/1.1" 200 0
No Letting matches the given query.
Not Found: /lettings/999/
Starting new HTTPS connection (1): o4506827891802112.ingest.sentry.io:443
https://o4506827891802112.ingest.sentry.io:443 "POST /api/4506858619535360/envelope/ HTTP/1.1" 200 0
No Profile matches the given query.
Not Found: /profiles/nonexistent/
https://o4506827891802112.ingest.sentry.io:443 "POST /api/4506858619535360/envelope/ HTTP/1.1" 200 0
Watching for file changes with StatReloader
Starting new HTTPS connection (1): o4506827891802112.ingest.sentry.io:443
https://o4506827891802112.ingest.sentry.io:443 "POST /api/4506858619535360/envelope/ HTTP/1.1" 200 0
https://o4506827891802112.ingest.sentry.io:443 "POST /api/4506858619535360/envelope/ HTTP/1.1" 200 0
https://o4506827891802112.ingest.sentry.io:443 "POST /api/4506858619535360/envelope/ HTTP/1.1" 200 0
https://o4506827891802112.ingest.sentry.io:443 "POST /api/4506858619535360/envelope/ HTTP/1.1" 200 0
https://o4506827891802112.ingest.sentry.io:443 "POST /api/4506858619535360/envelope/ HTTP/1.1" 200 0
https://o4506827891802112.ingest.sentry.io:443 "POST /api/4506858619535360/envelope/ HTTP/1.1" 200 0
https://o4506827891802112.ingest.sentry.io:443 "POST /api/4506858619535360/envelope/ HTTP/1.1" 200 0
https://o4506827891802112.ingest.sentry.io:443 "POST /api/4506858619535360/envelope/ HTTP/1.1" 200 0
https://o4506827891802112.ingest.sentry.io:443 "POST /api/4506858619535360/envelope/ HTTP/1.1" 200 0
https://o4506827891802112.ingest.sentry.io:443 "POST /api/4506858619535360/envelope/ HTTP/1.1" 200 0
https://o4506827891802112.ingest.sentry.io:443 "POST /api/4506858619535360/envelope/ HTTP/1.1" 200 0
No Letting matches the given query.
Not Found: /lettings/999/
Starting new HTTPS connection (1): o4506827891802112.ingest.sentry.io:443
https://o4506827891802112.ingest.sentry.io:443 "POST /api/4506858619535360/envelope/ HTTP/1.1" 200 0
No Profile matches the given query.
Not Found: /profiles/nonexistent/
https://o4506827891802112.ingest.sentry.io:443 "POST /api/4506858619535360/envelope/ HTTP/1.1" 200 0
No Letting matches the given query.
Not Found: /lettings/999/
Starting new HTTPS connection (1): o4506827891802112.ingest.sentry.io:443
https://o4506827891802112.ingest.sentry.io:443 "POST /api/4506858619535360/envelope/ HTTP/1.1" 200 0
No Profile matches the given query.
Not Found: /profiles/nonexistent/
https://o4506827891802112.ingest.sentry.io:443 "POST /api/4506858619535360/envelope/ HTTP/1.1" 200 0
Watching for file changes with StatReloader
No Letting matches the given query.
Not Found: /lettings/999/
Starting new HTTPS connection (1): o4506827891802112.ingest.sentry.io:443
https://o4506827891802112.ingest.sentry.io:443 "POST /api/4506858619535360/envelope/ HTTP/1.1" 200 0
No Profile matches the given query.
Not Found: /profiles/nonexistent/
https://o4506827891802112.ingest.sentry.io:443 "POST /api/4506858619535360/envelope/ HTTP/1.1" 200 0
No Letting matches the given query.
Not Found: /lettings/999/
Starting new HTTPS connection (1): o4506827891802112.ingest.sentry.io:443
https://o4506827891802112.ingest.sentry.io:443 "POST /api/4506858619535360/envelope/ HTTP/1.1" 200 0
No Profile matches the given query.
Not Found: /profiles/nonexistent/
https://o4506827891802112.ingest.sentry.io:443 "POST /api/4506858619535360/envelope/ HTTP/1.1" 200 0
No Letting matches the given query.
Not Found: /lettings/999/
Starting new HTTPS connection (1): o4506827891802112.ingest.sentry.io:443
https://o4506827891802112.ingest.sentry.io:443 "POST /api/4506858619535360/envelope/ HTTP/1.1" 200 0
No Profile matches the given query.
Not Found: /profiles/nonexistent/
https://o4506827891802112.ingest.sentry.io:443 "POST /api/4506858619535360/envelope/ HTTP/1.1" 200 0
No Letting matches the given query.
Not Found: /lettings/999/
Starting new HTTPS connection (1): o4506827891802112.ingest.sentry.io:443
https://o4506827891802112.ingest.sentry.io:443 "POST /api/4506858619535360/envelope/ HTTP/1.1" 200 0
No Profile matches the given query.
Not Found: /profiles/nonexistent/
https://o4506827891802112.ingest.sentry.io:443 "POST /api/4506858619535360/envelope/ HTTP/1.1" 200 0
No Letting matches the given query.
Not Found: /lettings/999/
Starting new HTTPS connection (1): o4506827891802112.ingest.sentry.io:443
https://o4506827891802112.ingest.sentry.io:443 "POST /api/4506858619535360/envelope/ HTTP/1.1" 200 0
No Profile matches the given query.
Not Found: /profiles/nonexistent/
Not Found: /nonexistent-url
https://o4506827891802112.ingest.sentry.io:443 "POST /api/4506858619535360/envelope/ HTTP/1.1" 200 0
No Letting matches the given query.
Not Found: /lettings/999/
Starting new HTTPS connection (1): o4506827891802112.ingest.sentry.io:443
https://o4506827891802112.ingest.sentry.io:443 "POST /api/4506858619535360/envelope/ HTTP/1.1" 200 0
No Profile matches the given query.
Not Found: /profiles/nonexistent/
Not Found: /nonexistent-url
https://o4506827891802112.ingest.sentry.io:443 "POST /api/4506858619535360/envelope/ HTTP/1.1" 200 0
No Letting matches the given query.
Not Found: /lettings/999/
Starting new HTTPS connection (1): o4506827891802112.ingest.sentry.io:443
https://o4506827891802112.ingest.sentry.io:443 "POST /api/4506858619535360/envelope/ HTTP/1.1" 200 0
No Profile matches the given query.
Not Found: /profiles/nonexistent/
Not Found: /nonexistent-url
https://o4506827891802112.ingest.sentry.io:443 "POST /api/4506858619535360/envelope/ HTTP/1.1" 200 0
No Letting matches the given query.
Not Found: /lettings/999/
Starting new HTTPS connection (1): o4506827891802112.ingest.sentry.io:443
https://o4506827891802112.ingest.sentry.io:443 "POST /api/4506858619535360/envelope/ HTTP/1.1" 200 0
No Profile matches the given query.
Not Found: /profiles/nonexistent/
Not Found: /nonexistent-url
https://o4506827891802112.ingest.sentry.io:443 "POST /api/4506858619535360/envelope/ HTTP/1.1" 200 0
No Letting matches the given query.
Not Found: /lettings/999/
Starting new HTTPS connection (1): o4506827891802112.ingest.sentry.io:443
https://o4506827891802112.ingest.sentry.io:443 "POST /api/4506858619535360/envelope/ HTTP/1.1" 200 0
No Profile matches the given query.
Not Found: /profiles/nonexistent/
Not Found: /nonexistent-url
https://o4506827891802112.ingest.sentry.io:443 "POST /api/4506858619535360/envelope/ HTTP/1.1" 200 0
No Letting matches the given query.
Not Found: /lettings/999/
Starting new HTTPS connection (1): o4506827891802112.ingest.sentry.io:443
https://o4506827891802112.ingest.sentry.io:443 "POST /api/4506858619535360/envelope/ HTTP/1.1" 200 0
No Profile matches the given query.
Not Found: /profiles/nonexistent/
Not Found: /nonexistent-url
https://o4506827891802112.ingest.sentry.io:443 "POST /api/4506858619535360/envelope/ HTTP/1.1" 200 0
No Letting matches the given query.
Not Found: /lettings/999/
Starting new HTTPS connection (1): o4506827891802112.ingest.sentry.io:443
https://o4506827891802112.ingest.sentry.io:443 "POST /api/4506858619535360/envelope/ HTTP/1.1" 200 0
No Profile matches the given query.
Not Found: /profiles/nonexistent/
Not Found: /nonexistent-url
https://o4506827891802112.ingest.sentry.io:443 "POST /api/4506858619535360/envelope/ HTTP/1.1" 200 0
No Letting matches the given query.
Not Found: /lettings/999/
Starting new HTTPS connection (1): o4506827891802112.ingest.sentry.io:443
https://o4506827891802112.ingest.sentry.io:443 "POST /api/4506858619535360/envelope/ HTTP/1.1" 200 0
No Profile matches the given query.
Not Found: /profiles/nonexistent/
Not Found: /nonexistent-url
https://o4506827891802112.ingest.sentry.io:443 "POST /api/4506858619535360/envelope/ HTTP/1.1" 200 0
No Letting matches the given query.
Not Found: /lettings/999/
Starting new HTTPS connection (1): o4506827891802112.ingest.sentry.io:443
https://o4506827891802112.ingest.sentry.io:443 "POST /api/4506858619535360/envelope/ HTTP/1.1" 200 0
No Profile matches the given query.
Not Found: /profiles/nonexistent/
Not Found: /nonexistent-url
https://o4506827891802112.ingest.sentry.io:443 "POST /api/4506858619535360/envelope/ HTTP/1.1" 200 0
No Letting matches the given query.
Not Found: /lettings/999/
Starting new HTTPS connection (1): o4506827891802112.ingest.sentry.io:443
https://o4506827891802112.ingest.sentry.io:443 "POST /api/4506858619535360/envelope/ HTTP/1.1" 200 0
No Profile matches the given query.
Not Found: /profiles/nonexistent/
Not Found: /nonexistent-url
https://o4506827891802112.ingest.sentry.io:443 "POST /api/4506858619535360/envelope/ HTTP/1.1" 200 0
No Letting matches the given query.
Not Found: /lettings/999/
Starting new HTTPS connection (1): o4506827891802112.ingest.sentry.io:443
https://o4506827891802112.ingest.sentry.io:443 "POST /api/4506858619535360/envelope/ HTTP/1.1" 200 0
No Profile matches the given query.
Not Found: /profiles/nonexistent/
Not Found: /nonexistent-url
https://o4506827891802112.ingest.sentry.io:443 "POST /api/4506858619535360/envelope/ HTTP/1.1" 200 0
No Letting matches the given query.
Not Found: /lettings/999/
Starting new HTTPS connection (1): o4506827891802112.ingest.sentry.io:443
https://o4506827891802112.ingest.sentry.io:443 "POST /api/4506858619535360/envelope/ HTTP/1.1" 200 0
No Profile matches the given query.
Not Found: /profiles/nonexistent/

Not Found: /profiles/
https://o4506827891802112.ingest.sentry.io:443 "POST /api/4506858619535360/envelope/ HTTP/1.1" 200 0
Not Found: /nonexistent-url
https://o4506827891802112.ingest.sentry.io:443 "POST /api/4506858619535360/envelope/ HTTP/1.1" 200 0
No Letting matches the given query.
Not Found: /lettings/999/
Starting new HTTPS connection (1): o4506827891802112.ingest.sentry.io:443
https://o4506827891802112.ingest.sentry.io:443 "POST /api/4506858619535360/envelope/ HTTP/1.1" 200 0
No Profile matches the given query.
Not Found: /profiles/nonexistent/

https://o4506827891802112.ingest.sentry.io:443 "POST /api/4506858619535360/envelope/ HTTP/1.1" 200 0
Not Found: /profiles/
Not Found: /nonexistent-url
https://o4506827891802112.ingest.sentry.io:443 "POST /api/4506858619535360/envelope/ HTTP/1.1" 200 0
Not Found: /nonexistent-url
No Letting matches the given query.
Not Found: /lettings/999/
Starting new HTTPS connection (1): o4506827891802112.ingest.sentry.io:443
https://o4506827891802112.ingest.sentry.io:443 "POST /api/4506858619535360/envelope/ HTTP/1.1" 200 0
No Profile matches the given query.
Not Found: /profiles/nonexistent/

Not Found: /profiles/
https://o4506827891802112.ingest.sentry.io:443 "POST /api/4506858619535360/envelope/ HTTP/1.1" 200 0
Not Found: /nonexistent-url
https://o4506827891802112.ingest.sentry.io:443 "POST /api/4506858619535360/envelope/ HTTP/1.1" 200 0
Not Found: /nonexistent-url
No Letting matches the given query.
Not Found: /lettings/999/
Starting new HTTPS connection (1): o4506827891802112.ingest.sentry.io:443
https://o4506827891802112.ingest.sentry.io:443 "POST /api/4506858619535360/envelope/ HTTP/1.1" 200 0
No Profile matches the given query.
Not Found: /profiles/nonexistent/

Not Found: /profiles/
https://o4506827891802112.ingest.sentry.io:443 "POST /api/4506858619535360/envelope/ HTTP/1.1" 200 0
Not Found: /nonexistent-url
https://o4506827891802112.ingest.sentry.io:443 "POST /api/4506858619535360/envelope/ HTTP/1.1" 200 0
Not Found: /nonexistent-url
No Letting matches the given query.
Not Found: /lettings/999/
Starting new HTTPS connection (1): o4506827891802112.ingest.sentry.io:443
https://o4506827891802112.ingest.sentry.io:443 "POST /api/4506858619535360/envelope/ HTTP/1.1" 200 0
No Profile matches the given query.
Not Found: /profiles/nonexistent/

https://o4506827891802112.ingest.sentry.io:443 "POST /api/4506858619535360/envelope/ HTTP/1.1" 200 0
Not Found: /profiles/
Not Found: /nonexistent-url
https://o4506827891802112.ingest.sentry.io:443 "POST /api/4506858619535360/envelope/ HTTP/1.1" 200 0
Not Found: /nonexistent-url
Not Found: /nonexistent-url
No Letting matches the given query.
Not Found: /lettings/999/
Starting new HTTPS connection (1): o4506827891802112.ingest.sentry.io:443
https://o4506827891802112.ingest.sentry.io:443 "POST /api/4506858619535360/envelope/ HTTP/1.1" 200 0
No Profile matches the given query.
Not Found: /profiles/nonexistent/

Not Found: /profiles/
https://o4506827891802112.ingest.sentry.io:443 "POST /api/4506858619535360/envelope/ HTTP/1.1" 200 0
Not Found: /nonexistent-url
https://o4506827891802112.ingest.sentry.io:443 "POST /api/4506858619535360/envelope/ HTTP/1.1" 200 0
Not Found: /nonexistent-url
Not Found: /nonexistent-url
No Letting matches the given query.
Not Found: /lettings/999/
Starting new HTTPS connection (1): o4506827891802112.ingest.sentry.io:443
https://o4506827891802112.ingest.sentry.io:443 "POST /api/4506858619535360/envelope/ HTTP/1.1" 200 0
No Profile matches the given query.
Not Found: /profiles/nonexistent/

Not Found: /profiles/
https://o4506827891802112.ingest.sentry.io:443 "POST /api/4506858619535360/envelope/ HTTP/1.1" 200 0
Not Found: /nonexistent-url
Not Found: /nonexistent-url
https://o4506827891802112.ingest.sentry.io:443 "POST /api/4506858619535360/envelope/ HTTP/1.1" 200 0
Not Found: /nonexistent-url
No Letting matches the given query.
Not Found: /lettings/999/
Starting new HTTPS connection (1): o4506827891802112.ingest.sentry.io:443
https://o4506827891802112.ingest.sentry.io:443 "POST /api/4506858619535360/envelope/ HTTP/1.1" 200 0
No Profile matches the given query.
Not Found: /profiles/nonexistent/

Not Found: /profiles/
https://o4506827891802112.ingest.sentry.io:443 "POST /api/4506858619535360/envelope/ HTTP/1.1" 200 0
Not Found: /nonexistent-url
https://o4506827891802112.ingest.sentry.io:443 "POST /api/4506858619535360/envelope/ HTTP/1.1" 200 0
Not Found: /nonexistent-url
Not Found: /nonexistent-url
No Letting matches the given query.
Not Found: /lettings/999/
Starting new HTTPS connection (1): o4506827891802112.ingest.sentry.io:443
https://o4506827891802112.ingest.sentry.io:443 "POST /api/4506858619535360/envelope/ HTTP/1.1" 200 0
No Profile matches the given query.
Not Found: /profiles/nonexistent/

Not Found: /profiles/
https://o4506827891802112.ingest.sentry.io:443 "POST /api/4506858619535360/envelope/ HTTP/1.1" 200 0
Not Found: /nonexistent-url
https://o4506827891802112.ingest.sentry.io:443 "POST /api/4506858619535360/envelope/ HTTP/1.1" 200 0
Not Found: /nonexistent-url
Not Found: /nonexistent-url
No Letting matches the given query.
Not Found: /lettings/999/
Starting new HTTPS connection (1): o4506827891802112.ingest.sentry.io:443
https://o4506827891802112.ingest.sentry.io:443 "POST /api/4506858619535360/envelope/ HTTP/1.1" 200 0
No Profile matches the given query.
Not Found: /profiles/nonexistent/

Not Found: /profiles/
https://o4506827891802112.ingest.sentry.io:443 "POST /api/4506858619535360/envelope/ HTTP/1.1" 200 0
Not Found: /nonexistent-url
https://o4506827891802112.ingest.sentry.io:443 "POST /api/4506858619535360/envelope/ HTTP/1.1" 200 0
Not Found: /nonexistent-url
Not Found: /nonexistent-url
No Letting matches the given query.
Not Found: /lettings/999/
Starting new HTTPS connection (1): o4506827891802112.ingest.sentry.io:443
https://o4506827891802112.ingest.sentry.io:443 "POST /api/4506858619535360/envelope/ HTTP/1.1" 200 0
No Profile matches the given query.
Not Found: /profiles/nonexistent/

Not Found: /profiles/
https://o4506827891802112.ingest.sentry.io:443 "POST /api/4506858619535360/envelope/ HTTP/1.1" 200 0
Not Found: /nonexistent-url
https://o4506827891802112.ingest.sentry.io:443 "POST /api/4506858619535360/envelope/ HTTP/1.1" 200 0
Not Found: /nonexistent-url
Not Found: /nonexistent-url
